
  \{^_^}/ hi!

  Loading db.json
  Done

  Resources
  http://localhost:3004/posts
  http://localhost:3004/comments
  http://localhost:3004/profile
  http://localhost:3004/albums

  Home
  http://localhost:3004

  Type s + enter at any time to create a snapshot of the database
  Watching...


  \{^_^}/ hi!

  Loading db.json
  Done

  Resources
  http://localhost:3000/posts
  http://localhost:3000/comments
  http://localhost:3000/profile
  http://localhost:3000/albums

  Home
  http://localhost:3000

  Type s + enter at any time to create a snapshot of the database
[0mGET /__rules [33m404 [0m5.921 ms - 2[0m
[0mGET /db [32m200 [0m0.491 ms - -[0m
